<?xml version="1.0" encoding="UTF-8"?>
<!-- Generated by org.testng.reporters.JUnitReportReporter -->
<testsuite hostname="EC2AMAZ-S11DBRH" failures="0" tests="2" name="runners.MyTestRunner" time="0.174" errors="0" timestamp="2023-12-19T07:42:57 GMT" skipped="0">
  <testcase classname="runners.MyTestRunner" name="runScenario" time="0.011"/>
  <system-out/>
  <testcase classname="runners.MyTestRunner" name="runScenario" time="0.163"/>
  <system-out/>
</testsuite> <!-- runners.MyTestRunner -->
